QCoreApplication::applicationDirPath: Please instantiate the QApplication object first
Crashdump ENABLED,  directory is: /home/volza/.ts3client/crashdumps
DUMP defined! Dumpdir is: /home/volza/.ts3client/crashdumps
2021-09-08 18:00:58.745711|INFO    |              |   |TeamSpeak Client 3.5.6 (2020-11-25 13:53:42)
2021-09-08 18:00:58.745738|INFO    |              |   |SystemInformation: Linux 4.19.0-17-amd64 #1 SMP Debian 4.19.194-3 (2021-07-18) x86_64 Binary: 64bit
2021-09-08 18:00:58.745747|INFO    |              |   |Using hardware aes
2021-09-08 18:00:58.763469|DEBUG   |PulseAudio    |   |connected to pulse audio server - 
2021-09-08 18:00:58.779806|INFO    |ClientUI      |   |OpenGL Info: LibGL, Vendor: X.Org, Renderer: Radeon RX 580 Series (POLARIS10, DRM 3.40.0, 4.19.0-17-amd64, LLVM 7.0.1), Version: 4.5 (Compatibility Profile) Mesa 18.3.6
2021-09-08 18:00:58.797274|INFO    |Addons        |   |Checking for addon updates...
2021-09-08 18:00:58.849068|INFO    |Plugins       |   |Loading plugin: libclientquery_plugin_linux_amd64.so
2021-09-08 18:00:58.851363|INFO    |Query         |   |listening on 127.0.0.1:25639
ClientQueryPlugin: currentServerConnectionChanged 1 (0)
2021-09-08 18:00:58.957136|INFO    |              |   |*** Time [MAINWINDOW]: 146
2021-09-08 18:00:58.957169|INFO    |              |   |*** Time [INIT]: 146
2021-09-08 18:00:58.959089|INFO    |ClientUI      |   |Failed to init text to speech engine
2021-09-08 18:00:58.959116|INFO    |ClientUI      |   |Qt version: 5.12.1
2021-09-08 18:00:58.959128|INFO    |ClientUI      |   |Using configuration location: /home/volza/.ts3client/settings.db
2021-09-08 18:00:59.049501|INFO    |Addon         |   |Addon up to date.
2021-09-08 18:00:59.458068|INFO    |Bookmarks     |   |Collecting autoconnect bookmarks
2021-09-08 18:00:59.458215|INFO    |ClientUI      |   |Last update check was: Mi. Aug. 25 20:44:56 2021
2021-09-08 18:00:59.469438|INFO    |Update        |   |Checking for updates...
2021-09-08 18:00:59.696648|INFO    |Update        |   |License update available; version 5 to 5 (min version 5 to 4)
2021-09-08 18:00:59.696700|INFO    |Update        |   |Latest client release on channel 'stable': 3.5.6 [Build: 1606312422]
2021-09-08 18:00:59.696716|INFO    |Update        |   |Client is up-to-date
2021-09-08 18:00:59.696804|INFO    |              |   |Statistics report: User previously denied participation
2021-09-08 18:00:59.900464|INFO    |              |   |successfully downloaded revocation list for accounting
2021-09-08 18:00:59.957502|INFO    |Newsticker    |   |Newsticker next check: Do. Aug. 26 18:44:56 2021 GMT
2021-09-08 18:01:00.021468|INFO    |              |   |successfully downloaded revocation list for myteamspeak id
2021-09-08 18:01:00.109293|INFO    |Newsticker    |   |Newsticker received for language en, expires on Do. Sept. 9 18:01:00 2021 GMT, next check in 86399 seconds
2021-09-08 18:01:02.048598|INFO    |ClientUI      |1  |Connect to server: Lan2play.de
2021-09-08 18:01:02.057262|INFO    |ClientUI      |1  |Trying to resolve Lan2play.de
2021-09-08 18:01:02.095220|INFO    |TSDNS         |   |A/AAAA DNS resolve for possible TSDNS successful, "lan2play.de" =(h: 2.59.135.84 p:0)
2021-09-08 18:01:02.095326|INFO    |TSDNS         |   |A/AAAA DNS resolve successful, "lan2play.de" =(h: 2.59.135.84 p:0)
2021-09-08 18:01:02.135414|INFO    |TSDNS         |   |TSDNS queried unsuccessfully 2.59.135.84:41144
2021-09-08 18:01:02.135476|INFO    |TSDNS         |   |No TSDNS found
2021-09-08 18:01:02.172514|INFO    |TSDNS         |   |SRV DNS resolve unsuccessful, "_tsdns._tcp.lan2play.de" Domain name not found
2021-09-08 18:01:02.173672|INFO    |TSDNS         |   |SRV DNS resolve unsuccessful, "_ts3._udp.lan2play.de" DNS server returned answer with no data
2021-09-08 18:01:02.173733|INFO    |ClientUI      |1  |Lookup finished: ip=2.59.135.84 port=9987 query=lan2play.de error=0
2021-09-08 18:01:02.173768|INFO    |ClientUI      |1  |Resolve successful: 2.59.135.84:9987
2021-09-08 18:01:02.173780|INFO    |ClientUI      |1  |Initiating connection: 2.59.135.84:9987
2021-09-08 18:01:02.239983|INFO    |ClientUI      |1  |Connect status: Connecting
2021-09-08 18:01:02.417495|DEVELOP |PktHandler    |1  |Puzzle solve time: 1
2021-09-08 18:01:02.519934|INFO    |ClientUI      |1  |Connect status: Connected
2021-09-08 18:01:02.554835|INFO    |ClientUI      |1  |Connect status: Establishing connection
2021-09-08 18:01:02.564265|INFO    |ClientUI      |1  |Connect status: Connection established
